2017/02/21 14:05:13 INFO  - jmeter.util.JMeterUtils: Setting Locale to en_US 
2017/02/21 14:05:14 INFO  - jmeter.JMeter: Loading user properties from: /usr/local/Cellar/jmeter/3.1/libexec/bin/user.properties 
2017/02/21 14:05:14 INFO  - jmeter.JMeter: Loading system properties from: /usr/local/Cellar/jmeter/3.1/libexec/bin/system.properties 
2017/02/21 14:05:14 INFO  - jmeter.JMeter: Copyright (c) 1998-2016 The Apache Software Foundation 
2017/02/21 14:05:14 INFO  - jmeter.JMeter: Version 3.1 r1770033 
2017/02/21 14:05:14 INFO  - jmeter.JMeter: java.version=1.8.0_101 
2017/02/21 14:05:14 INFO  - jmeter.JMeter: java.vm.name=Java HotSpot(TM) 64-Bit Server VM 
2017/02/21 14:05:14 INFO  - jmeter.JMeter: os.name=Mac OS X 
2017/02/21 14:05:14 INFO  - jmeter.JMeter: os.arch=x86_64 
2017/02/21 14:05:14 INFO  - jmeter.JMeter: os.version=10.11.6 
2017/02/21 14:05:14 INFO  - jmeter.JMeter: file.encoding=UTF-8 
2017/02/21 14:05:14 INFO  - jmeter.JMeter: Max memory     =514850816 
2017/02/21 14:05:14 INFO  - jmeter.JMeter: Available Processors =4 
2017/02/21 14:05:14 INFO  - jmeter.JMeter: Default Locale=English (United States) 
2017/02/21 14:05:14 INFO  - jmeter.JMeter: JMeter  Locale=English (United States) 
2017/02/21 14:05:14 INFO  - jmeter.JMeter: JMeterHome=/usr/local/Cellar/jmeter/3.1/libexec 
2017/02/21 14:05:14 INFO  - jmeter.JMeter: user.dir  =/Users/AirUnknown/GitHub/Freelance/fortax 
2017/02/21 14:05:14 INFO  - jmeter.JMeter: PWD       =/Users/AirUnknown/GitHub/Freelance/fortax 
2017/02/21 14:05:14 INFO  - jmeter.JMeter: IP: 127.0.0.1 Name: Mohits-MacBook-Air.local FullName: localhost 
2017/02/21 14:05:15 INFO  - jmeter.gui.action.LookAndFeelCommand: Using look and feel: com.apple.laf.AquaLookAndFeel [Mac OS X, System] 
2017/02/21 14:05:15 INFO  - jmeter.JMeter: Loaded icon properties from org/apache/jmeter/images/icon.properties 
2017/02/21 14:05:19 INFO  - jmeter.engine.util.CompoundVariable: Note: Function class names must contain the string: '.functions.' 
2017/02/21 14:05:19 INFO  - jmeter.engine.util.CompoundVariable: Note: Function class names must not contain the string: '.gui.' 
2017/02/21 14:05:20 INFO  - jmeter.gui.util.MenuFactory: Skipping org.apache.jmeter.assertions.BSFAssertion 
2017/02/21 14:05:21 INFO  - jmeter.gui.util.MenuFactory: Skipping org.apache.jmeter.extractor.BSFPostProcessor 
2017/02/21 14:05:21 INFO  - jmeter.gui.util.MenuFactory: Skipping org.apache.jmeter.modifiers.BSFPreProcessor 
2017/02/21 14:05:21 INFO  - jmeter.protocol.http.sampler.HTTPSamplerBase: Parser for text/html is org.apache.jmeter.protocol.http.parser.LagartoBasedHtmlParser 
2017/02/21 14:05:21 INFO  - jmeter.protocol.http.sampler.HTTPSamplerBase: Parser for application/xhtml+xml is org.apache.jmeter.protocol.http.parser.LagartoBasedHtmlParser 
2017/02/21 14:05:21 INFO  - jmeter.protocol.http.sampler.HTTPSamplerBase: Parser for application/xml is org.apache.jmeter.protocol.http.parser.LagartoBasedHtmlParser 
2017/02/21 14:05:21 INFO  - jmeter.protocol.http.sampler.HTTPSamplerBase: Parser for text/xml is org.apache.jmeter.protocol.http.parser.LagartoBasedHtmlParser 
2017/02/21 14:05:21 INFO  - jmeter.protocol.http.sampler.HTTPSamplerBase: Parser for text/vnd.wap.wml is org.apache.jmeter.protocol.http.parser.RegexpHTMLParser 
2017/02/21 14:05:21 INFO  - jmeter.protocol.http.sampler.HTTPSamplerBase: Parser for text/css is org.apache.jmeter.protocol.http.parser.CssParser 
2017/02/21 14:05:22 INFO  - jorphan.exec.KeyToolUtils: keytool found at 'keytool' 
2017/02/21 14:05:22 INFO  - jmeter.protocol.http.proxy.ProxyControl: HTTP(S) Test Script Recorder SSL Proxy will use keys that support embedded 3rd party resources in file /usr/local/Cellar/jmeter/3.1/libexec/bin/proxyserver.jks 
2017/02/21 14:05:22 INFO  - jmeter.gui.util.MenuFactory: Skipping org.apache.jmeter.protocol.java.sampler.BSFSampler 
2017/02/21 14:05:22 INFO  - jmeter.gui.util.MenuFactory: Skipping org.apache.jmeter.protocol.mongodb.config.MongoSourceElement 
2017/02/21 14:05:22 INFO  - jmeter.gui.util.MenuFactory: Skipping org.apache.jmeter.protocol.mongodb.sampler.MongoScriptSampler 
2017/02/21 14:05:22 INFO  - jmeter.gui.util.MenuFactory: Skipping org.apache.jmeter.timers.BSFTimer 
2017/02/21 14:05:22 INFO  - jmeter.gui.util.MenuFactory: Skipping org.apache.jmeter.visualizers.BSFListener 
2017/02/21 14:05:22 INFO  - jmeter.gui.util.MenuFactory: Skipping org.apache.jmeter.visualizers.MonitorHealthVisualizer 
2017/02/21 14:05:22 INFO  - jmeter.samplers.SampleResult: Note: Sample TimeStamps are START times 
2017/02/21 14:05:22 INFO  - jmeter.samplers.SampleResult: sampleresult.default.encoding is set to ISO-8859-1 
2017/02/21 14:05:22 INFO  - jmeter.samplers.SampleResult: sampleresult.useNanoTime=true 
2017/02/21 14:05:22 INFO  - jmeter.samplers.SampleResult: sampleresult.nanoThreadSleep=5000 
2017/02/21 14:05:38 INFO  - jmeter.services.FileServer: Default base='/Users/AirUnknown/GitHub/Freelance/fortax' 
2017/02/21 14:05:38 INFO  - jmeter.gui.action.Load: Loading file: /Users/AirUnknown/Desktop/UACP3.jmx 
2017/02/21 14:05:38 INFO  - jmeter.services.FileServer: Set new base='/Users/AirUnknown/Desktop' 
2017/02/21 14:05:38 INFO  - jmeter.save.SaveService: Testplan (JMX) version: 2.2. Testlog (JTL) version: 2.2 
2017/02/21 14:05:38 INFO  - jmeter.save.SaveService: Using SaveService properties file encoding UTF-8 
2017/02/21 14:05:38 INFO  - jmeter.save.SaveService: Using SaveService properties version 3.1 
2017/02/21 14:05:38 INFO  - jmeter.save.SaveService: All converter versions present and correct 
2017/02/21 14:05:38 INFO  - jmeter.save.SaveService: Loading file: /Users/AirUnknown/Desktop/UACP3.jmx 
2017/02/21 14:05:38 INFO  - jmeter.protocol.http.control.CacheManager: Will only cache the following methods: [GET] 
2017/02/21 14:05:38 INFO  - jmeter.protocol.http.control.CookieManager: Settings: Delete null: true Check: true Allow variable: true Save: false Prefix: COOKIE_ 
2017/02/21 14:05:38 INFO  - jmeter.services.FileServer: Set new base='/Users/AirUnknown/Desktop' 
2017/02/21 14:10:15 INFO  - jmeter.engine.StandardJMeterEngine: Running the test! 
2017/02/21 14:10:15 INFO  - jmeter.samplers.SampleEvent: List of sample_variables: [] 
2017/02/21 14:10:15 INFO  - jmeter.samplers.SampleEvent: List of sample_variables: [] 
2017/02/21 14:10:15 INFO  - jmeter.gui.util.JMeterMenuBar: setRunning(true,*local*) 
2017/02/21 14:10:15 INFO  - jmeter.engine.StandardJMeterEngine: Starting ThreadGroup: 1 : UACP Visitors 
2017/02/21 14:10:15 INFO  - jmeter.engine.StandardJMeterEngine: Starting 2 threads for group UACP Visitors. 
2017/02/21 14:10:15 INFO  - jmeter.engine.StandardJMeterEngine: Thread will stop on error 
2017/02/21 14:10:15 INFO  - jmeter.threads.ThreadGroup: Starting thread group number 1 threads 2 ramp-up 2 perThread 1000.0 delayedStart=false 
2017/02/21 14:10:15 INFO  - jmeter.threads.ThreadGroup: Started thread group number 1 
2017/02/21 14:10:15 INFO  - jmeter.engine.StandardJMeterEngine: All thread groups have been started 
2017/02/21 14:10:15 INFO  - jmeter.threads.JMeterThread: Thread started: UACP Visitors 1-1 
2017/02/21 14:10:16 INFO  - jmeter.protocol.http.sampler.HTTPHCAbstractImpl: Local host = Mohits-MacBook-Air.local 
2017/02/21 14:10:16 INFO  - jmeter.protocol.http.sampler.HTTPHC4Impl: HTTP request retry count = 0 
2017/02/21 14:10:16 INFO  - jmeter.threads.JMeterThread: Thread started: UACP Visitors 1-2 
2017/02/21 14:10:17 INFO  - jmeter.protocol.http.sampler.LazySchemeSocketFactory: Setting up HTTPS TrustAll Socket Factory 
2017/02/21 14:10:17 INFO  - jmeter.util.JsseSSLManager: Using default SSL protocol: TLS 
2017/02/21 14:10:17 INFO  - jmeter.util.JsseSSLManager: SSL session context: per-thread 
2017/02/21 14:10:17 INFO  - jmeter.util.SSLManager: JmeterKeyStore Location:  type JKS 
2017/02/21 14:10:17 INFO  - jmeter.util.SSLManager: KeyStore created OK 
2017/02/21 14:10:17 WARN  - jmeter.util.SSLManager: Keystore file not found, loading empty keystore 
2017/02/21 14:10:20 INFO  - jmeter.threads.JMeterThread: Thread is done: UACP Visitors 1-2 
2017/02/21 14:10:20 INFO  - jmeter.threads.JMeterThread: Thread finished: UACP Visitors 1-2 
2017/02/21 14:10:21 INFO  - jmeter.threads.JMeterThread: Thread is done: UACP Visitors 1-1 
2017/02/21 14:10:21 INFO  - jmeter.threads.JMeterThread: Thread finished: UACP Visitors 1-1 
2017/02/21 14:10:21 INFO  - jmeter.engine.StandardJMeterEngine: Notifying test listeners of end of test 
2017/02/21 14:10:21 INFO  - jmeter.gui.util.JMeterMenuBar: setRunning(false,*local*) 
2017/02/21 14:50:41 INFO  - jmeter.engine.StandardJMeterEngine: Running the test! 
2017/02/21 14:50:41 INFO  - jmeter.samplers.SampleEvent: List of sample_variables: [] 
2017/02/21 14:50:41 INFO  - jmeter.gui.util.JMeterMenuBar: setRunning(true,*local*) 
2017/02/21 14:50:41 INFO  - jmeter.engine.StandardJMeterEngine: Starting ThreadGroup: 1 : UACP Visitors 
2017/02/21 14:50:41 INFO  - jmeter.engine.StandardJMeterEngine: Starting 10 threads for group UACP Visitors. 
2017/02/21 14:50:41 INFO  - jmeter.engine.StandardJMeterEngine: Thread will stop on error 
2017/02/21 14:50:41 INFO  - jmeter.threads.ThreadGroup: Starting thread group number 1 threads 10 ramp-up 0 perThread 0.0 delayedStart=false 
2017/02/21 14:50:41 INFO  - jmeter.threads.JMeterThread: Thread started: UACP Visitors 1-1 
2017/02/21 14:50:41 INFO  - jmeter.threads.JMeterThread: Thread started: UACP Visitors 1-2 
2017/02/21 14:50:41 INFO  - jmeter.threads.JMeterThread: Thread started: UACP Visitors 1-3 
2017/02/21 14:50:41 INFO  - jmeter.threads.JMeterThread: Thread started: UACP Visitors 1-4 
2017/02/21 14:50:41 INFO  - jmeter.threads.JMeterThread: Thread started: UACP Visitors 1-5 
2017/02/21 14:50:41 INFO  - jmeter.threads.JMeterThread: Thread started: UACP Visitors 1-7 
2017/02/21 14:50:41 INFO  - jmeter.threads.ThreadGroup: Started thread group number 1 
2017/02/21 14:50:41 INFO  - jmeter.engine.StandardJMeterEngine: All thread groups have been started 
2017/02/21 14:50:41 INFO  - jmeter.threads.JMeterThread: Thread started: UACP Visitors 1-6 
2017/02/21 14:50:41 INFO  - jmeter.threads.JMeterThread: Thread started: UACP Visitors 1-8 
2017/02/21 14:50:41 INFO  - jmeter.threads.JMeterThread: Thread started: UACP Visitors 1-9 
2017/02/21 14:50:41 INFO  - jmeter.threads.JMeterThread: Thread started: UACP Visitors 1-10 
2017/02/21 14:50:44 INFO  - jmeter.threads.JMeterThread: Stop Thread detected by thread: UACP Visitors 1-1 
2017/02/21 14:50:44 INFO  - jmeter.threads.JMeterThread: Thread is done: UACP Visitors 1-1 
2017/02/21 14:50:44 INFO  - jmeter.threads.JMeterThread: Thread finished: UACP Visitors 1-1 
2017/02/21 14:50:44 INFO  - jmeter.threads.JMeterThread: Stop Thread detected by thread: UACP Visitors 1-10 
2017/02/21 14:50:44 INFO  - jmeter.threads.JMeterThread: Stop Thread detected by thread: UACP Visitors 1-2 
2017/02/21 14:50:44 INFO  - jmeter.threads.JMeterThread: Thread is done: UACP Visitors 1-10 
2017/02/21 14:50:44 INFO  - jmeter.threads.JMeterThread: Thread finished: UACP Visitors 1-10 
2017/02/21 14:50:44 INFO  - jmeter.threads.JMeterThread: Thread is done: UACP Visitors 1-2 
2017/02/21 14:50:44 INFO  - jmeter.threads.JMeterThread: Thread finished: UACP Visitors 1-2 
2017/02/21 14:50:44 INFO  - jmeter.threads.JMeterThread: Stop Thread detected by thread: UACP Visitors 1-7 
2017/02/21 14:50:44 INFO  - jmeter.threads.JMeterThread: Stop Thread detected by thread: UACP Visitors 1-3 
2017/02/21 14:50:44 INFO  - jmeter.threads.JMeterThread: Thread is done: UACP Visitors 1-7 
2017/02/21 14:50:44 INFO  - jmeter.threads.JMeterThread: Thread finished: UACP Visitors 1-7 
2017/02/21 14:50:44 INFO  - jmeter.threads.JMeterThread: Thread is done: UACP Visitors 1-3 
2017/02/21 14:50:44 INFO  - jmeter.threads.JMeterThread: Thread finished: UACP Visitors 1-3 
2017/02/21 14:50:44 INFO  - jmeter.threads.JMeterThread: Stop Thread detected by thread: UACP Visitors 1-5 
2017/02/21 14:50:44 INFO  - jmeter.threads.JMeterThread: Thread is done: UACP Visitors 1-5 
2017/02/21 14:50:44 INFO  - jmeter.threads.JMeterThread: Thread finished: UACP Visitors 1-5 
2017/02/21 14:50:45 INFO  - jmeter.threads.JMeterThread: Stop Thread detected by thread: UACP Visitors 1-4 
2017/02/21 14:50:45 INFO  - jmeter.threads.JMeterThread: Thread is done: UACP Visitors 1-4 
2017/02/21 14:50:45 INFO  - jmeter.threads.JMeterThread: Thread finished: UACP Visitors 1-4 
2017/02/21 14:50:45 INFO  - jmeter.threads.JMeterThread: Stop Thread detected by thread: UACP Visitors 1-9 
2017/02/21 14:50:45 INFO  - jmeter.threads.JMeterThread: Thread is done: UACP Visitors 1-9 
2017/02/21 14:50:45 INFO  - jmeter.threads.JMeterThread: Thread finished: UACP Visitors 1-9 
2017/02/21 14:50:45 INFO  - jmeter.threads.JMeterThread: Stop Thread detected by thread: UACP Visitors 1-6 
2017/02/21 14:50:45 INFO  - jmeter.threads.JMeterThread: Thread is done: UACP Visitors 1-6 
2017/02/21 14:50:45 INFO  - jmeter.threads.JMeterThread: Thread finished: UACP Visitors 1-6 
2017/02/21 14:50:45 INFO  - jmeter.threads.JMeterThread: Stop Thread detected by thread: UACP Visitors 1-8 
2017/02/21 14:50:45 INFO  - jmeter.threads.JMeterThread: Thread is done: UACP Visitors 1-8 
2017/02/21 14:50:45 INFO  - jmeter.threads.JMeterThread: Thread finished: UACP Visitors 1-8 
2017/02/21 14:50:45 INFO  - jmeter.engine.StandardJMeterEngine: Notifying test listeners of end of test 
2017/02/21 14:50:45 INFO  - jmeter.gui.util.JMeterMenuBar: setRunning(false,*local*) 
2017/02/21 14:52:02 INFO  - jmeter.engine.StandardJMeterEngine: Running the test! 
2017/02/21 14:52:02 INFO  - jmeter.samplers.SampleEvent: List of sample_variables: [] 
2017/02/21 14:52:02 INFO  - jmeter.gui.util.JMeterMenuBar: setRunning(true,*local*) 
2017/02/21 14:52:02 INFO  - jmeter.engine.StandardJMeterEngine: Starting ThreadGroup: 1 : UACP Visitors 
2017/02/21 14:52:02 INFO  - jmeter.engine.StandardJMeterEngine: Starting 10 threads for group UACP Visitors. 
2017/02/21 14:52:02 INFO  - jmeter.engine.StandardJMeterEngine: Thread will stop on error 
2017/02/21 14:52:02 INFO  - jmeter.threads.ThreadGroup: Starting thread group number 1 threads 10 ramp-up 0 perThread 0.0 delayedStart=false 
2017/02/21 14:52:02 INFO  - jmeter.threads.JMeterThread: Thread started: UACP Visitors 1-1 
2017/02/21 14:52:02 INFO  - jmeter.threads.JMeterThread: Thread started: UACP Visitors 1-2 
2017/02/21 14:52:02 INFO  - jmeter.threads.JMeterThread: Thread started: UACP Visitors 1-3 
2017/02/21 14:52:02 INFO  - jmeter.threads.JMeterThread: Thread started: UACP Visitors 1-5 
2017/02/21 14:52:02 INFO  - jmeter.threads.JMeterThread: Thread started: UACP Visitors 1-4 
2017/02/21 14:52:02 INFO  - jmeter.threads.JMeterThread: Thread started: UACP Visitors 1-6 
2017/02/21 14:52:02 INFO  - jmeter.threads.JMeterThread: Thread started: UACP Visitors 1-7 
2017/02/21 14:52:02 INFO  - jmeter.threads.JMeterThread: Thread started: UACP Visitors 1-8 
2017/02/21 14:52:02 INFO  - jmeter.threads.JMeterThread: Thread started: UACP Visitors 1-9 
2017/02/21 14:52:02 INFO  - jmeter.threads.ThreadGroup: Started thread group number 1 
2017/02/21 14:52:02 INFO  - jmeter.engine.StandardJMeterEngine: All thread groups have been started 
2017/02/21 14:52:02 INFO  - jmeter.threads.JMeterThread: Thread started: UACP Visitors 1-10 
2017/02/21 14:52:04 INFO  - jmeter.threads.JMeterThread: Stop Thread detected by thread: UACP Visitors 1-9 
2017/02/21 14:52:04 INFO  - jmeter.threads.JMeterThread: Thread is done: UACP Visitors 1-9 
2017/02/21 14:52:04 INFO  - jmeter.threads.JMeterThread: Thread finished: UACP Visitors 1-9 
2017/02/21 14:52:04 INFO  - jmeter.threads.JMeterThread: Stop Thread detected by thread: UACP Visitors 1-2 
2017/02/21 14:52:04 INFO  - jmeter.threads.JMeterThread: Thread is done: UACP Visitors 1-2 
2017/02/21 14:52:04 INFO  - jmeter.threads.JMeterThread: Thread finished: UACP Visitors 1-2 
2017/02/21 14:52:04 INFO  - jmeter.threads.JMeterThread: Stop Thread detected by thread: UACP Visitors 1-6 
2017/02/21 14:52:04 INFO  - jmeter.threads.JMeterThread: Stop Thread detected by thread: UACP Visitors 1-3 
2017/02/21 14:52:04 INFO  - jmeter.threads.JMeterThread: Thread is done: UACP Visitors 1-6 
2017/02/21 14:52:04 INFO  - jmeter.threads.JMeterThread: Thread is done: UACP Visitors 1-3 
2017/02/21 14:52:04 INFO  - jmeter.threads.JMeterThread: Thread finished: UACP Visitors 1-6 
2017/02/21 14:52:04 INFO  - jmeter.threads.JMeterThread: Thread finished: UACP Visitors 1-3 
2017/02/21 14:52:04 INFO  - jmeter.threads.JMeterThread: Stop Thread detected by thread: UACP Visitors 1-10 
2017/02/21 14:52:04 INFO  - jmeter.threads.JMeterThread: Thread is done: UACP Visitors 1-10 
2017/02/21 14:52:04 INFO  - jmeter.threads.JMeterThread: Thread finished: UACP Visitors 1-10 
2017/02/21 14:52:04 INFO  - jmeter.threads.JMeterThread: Stop Thread detected by thread: UACP Visitors 1-1 
2017/02/21 14:52:04 INFO  - jmeter.threads.JMeterThread: Thread is done: UACP Visitors 1-1 
2017/02/21 14:52:04 INFO  - jmeter.threads.JMeterThread: Thread finished: UACP Visitors 1-1 
2017/02/21 14:52:04 INFO  - jmeter.threads.JMeterThread: Stop Thread detected by thread: UACP Visitors 1-4 
2017/02/21 14:52:04 INFO  - jmeter.threads.JMeterThread: Thread is done: UACP Visitors 1-4 
2017/02/21 14:52:04 INFO  - jmeter.threads.JMeterThread: Thread finished: UACP Visitors 1-4 
2017/02/21 14:52:04 INFO  - jmeter.threads.JMeterThread: Stop Thread detected by thread: UACP Visitors 1-5 
2017/02/21 14:52:04 INFO  - jmeter.threads.JMeterThread: Thread is done: UACP Visitors 1-5 
2017/02/21 14:52:04 INFO  - jmeter.threads.JMeterThread: Thread finished: UACP Visitors 1-5 
2017/02/21 14:52:04 INFO  - jmeter.threads.JMeterThread: Stop Thread detected by thread: UACP Visitors 1-7 
2017/02/21 14:52:04 INFO  - jmeter.threads.JMeterThread: Thread is done: UACP Visitors 1-7 
2017/02/21 14:52:04 INFO  - jmeter.threads.JMeterThread: Thread finished: UACP Visitors 1-7 
2017/02/21 14:52:04 INFO  - jmeter.threads.JMeterThread: Stop Thread detected by thread: UACP Visitors 1-8 
2017/02/21 14:52:04 INFO  - jmeter.threads.JMeterThread: Thread is done: UACP Visitors 1-8 
2017/02/21 14:52:04 INFO  - jmeter.threads.JMeterThread: Thread finished: UACP Visitors 1-8 
2017/02/21 14:52:04 INFO  - jmeter.engine.StandardJMeterEngine: Notifying test listeners of end of test 
2017/02/21 14:52:04 INFO  - jmeter.gui.util.JMeterMenuBar: setRunning(false,*local*) 
